TN:
SF:/Users/wenxiaoxin/Desktop/WorkSystem--FrontEnd/src/components/cv-button.vue
FN:11,(anonymous_0)
FNF:1
FNH:0
FNDA:0,(anonymous_0)
LF:0
LH:0
BRF:0
BRH:0
end_of_record
TN:
SF:/Users/wenxiaoxin/Desktop/WorkSystem--FrontEnd/src/components/cv-checkBox.vue
FNF:0
FNH:0
DA:13,18
DA:30,18
DA:37,10
DA:42,5
DA:43,5
DA:48,6
DA:50,6
DA:51,5
DA:53,1
LF:9
LH:9
BRDA:50,0,0,5
BRDA:50,0,1,1
BRF:2
BRH:2
end_of_record
TN:
SF:/Users/wenxiaoxin/Desktop/WorkSystem--FrontEnd/src/components/cv-checkBoxGroup.vue
FN:29,(anonymous_0)
FNF:1
FNH:1
FNDA:2,(anonymous_0)
DA:29,2
DA:33,4
DA:40,3
DA:45,3
DA:46,3
DA:47,2
DA:49,1
DA:52,3
DA:56,4
LF:9
LH:9
BRDA:46,0,0,2
BRDA:46,0,1,1
BRF:2
BRH:2
end_of_record
TN:
SF:/Users/wenxiaoxin/Desktop/WorkSystem--FrontEnd/src/components/cv-select.vue
FN:38,(anonymous_0)
FNF:1
FNH:1
FNDA:4,(anonymous_0)
DA:21,5
DA:38,4
DA:42,5
DA:49,3
DA:54,4
DA:55,2
DA:57,2
DA:58,2
DA:59,2
DA:62,3
DA:63,1
DA:65,2
LF:12
LH:12
BRDA:54,0,0,2
BRDA:54,0,1,2
BRDA:54,1,0,4
BRDA:54,1,1,3
BRDA:57,2,0,0
BRDA:57,2,1,2
BRDA:62,3,0,1
BRDA:62,3,1,2
BRF:8
BRH:7
end_of_record
TN:
SF:/Users/wenxiaoxin/Desktop/WorkSystem--FrontEnd/src/components/cv-textInput.vue
FNF:0
FNH:0
DA:44,5
DA:50,2
DA:55,1
DA:56,1
DA:60,5
LF:5
LH:5
BRF:0
BRH:0
end_of_record
TN:
SF:/Users/wenxiaoxin/Desktop/WorkSystem--FrontEnd/src/App.vue
FNF:0
FNH:0
LF:0
LH:0
BRF:0
BRH:0
end_of_record
TN:
SF:/Users/wenxiaoxin/Desktop/WorkSystem--FrontEnd/src/api/fetch_data.js
FN:10,fetchIsLogin
FN:18,(anonymous_1)
FN:30,fetchTasks
FN:40,(anonymous_3)
FN:43,(anonymous_4)
FN:56,fetchExp
FN:64,(anonymous_6)
FN:74,fetchExtraWork
FN:82,(anonymous_8)
FN:92,fetchPersonExtraWork
FN:100,(anonymous_10)
FN:110,fetchPersonToday
FN:118,(anonymous_12)
FN:128,fetchLogout
FN:136,(anonymous_14)
FNF:15
FNH:0
FNDA:0,fetchIsLogin
FNDA:0,(anonymous_1)
FNDA:0,fetchTasks
FNDA:0,(anonymous_3)
FNDA:0,(anonymous_4)
FNDA:0,fetchExp
FNDA:0,(anonymous_6)
FNDA:0,fetchExtraWork
FNDA:0,(anonymous_8)
FNDA:0,fetchPersonExtraWork
FNDA:0,(anonymous_10)
FNDA:0,fetchPersonToday
FNDA:0,(anonymous_12)
FNDA:0,fetchLogout
FNDA:0,(anonymous_14)
DA:11,0
DA:19,0
DA:31,0
DA:41,0
DA:44,0
DA:45,0
DA:47,0
DA:57,0
DA:65,0
DA:75,0
DA:83,0
DA:93,0
DA:101,0
DA:111,0
DA:119,0
DA:129,0
DA:137,0
LF:17
LH:0
BRDA:31,0,0,0
BRDA:31,0,1,0
BRDA:44,1,0,0
BRDA:44,1,1,0
BRF:4
BRH:0
end_of_record
TN:
SF:/Users/wenxiaoxin/Desktop/WorkSystem--FrontEnd/src/api/post_data.js
FN:13,postLogin
FN:24,(anonymous_1)
FN:35,postAddExp
FN:46,(anonymous_3)
FN:57,postEditAN
FN:68,(anonymous_5)
FN:79,postSignWork
FN:90,(anonymous_7)
FN:101,postResSignWork
FN:112,(anonymous_9)
FN:123,postSetInfo
FN:134,(anonymous_11)
FN:145,postSetPassword
FN:156,(anonymous_13)
FN:168,postChangeTask
FN:179,(anonymous_15)
FN:190,postSearch
FN:200,(anonymous_17)
FN:211,postSearchToday
FN:221,(anonymous_19)
FN:233,postAddTask
FN:243,(anonymous_21)
FN:255,postCheckWork
FN:265,(anonymous_23)
FNF:24
FNH:0
FNDA:0,postLogin
FNDA:0,(anonymous_1)
FNDA:0,postAddExp
FNDA:0,(anonymous_3)
FNDA:0,postEditAN
FNDA:0,(anonymous_5)
FNDA:0,postSignWork
FNDA:0,(anonymous_7)
FNDA:0,postResSignWork
FNDA:0,(anonymous_9)
FNDA:0,postSetInfo
FNDA:0,(anonymous_11)
FNDA:0,postSetPassword
FNDA:0,(anonymous_13)
FNDA:0,postChangeTask
FNDA:0,(anonymous_15)
FNDA:0,postSearch
FNDA:0,(anonymous_17)
FNDA:0,postSearchToday
FNDA:0,(anonymous_19)
FNDA:0,postAddTask
FNDA:0,(anonymous_21)
FNDA:0,postCheckWork
FNDA:0,(anonymous_23)
DA:14,0
DA:25,0
DA:36,0
DA:47,0
DA:58,0
DA:69,0
DA:80,0
DA:91,0
DA:102,0
DA:113,0
DA:124,0
DA:135,0
DA:146,0
DA:157,0
DA:169,0
DA:180,0
DA:191,0
DA:201,0
DA:212,0
DA:222,0
DA:234,0
DA:244,0
DA:256,0
DA:266,0
LF:24
LH:0
BRDA:169,0,0,0
BRDA:169,0,1,0
BRDA:234,1,0,0
BRDA:234,1,1,0
BRDA:256,2,0,0
BRDA:256,2,1,0
BRF:6
BRH:0
end_of_record
TN:
SF:/Users/wenxiaoxin/Desktop/WorkSystem--FrontEnd/src/utils/cookieManager.js
FN:11,getCookie
FNF:1
FNH:0
FNDA:0,getCookie
DA:12,0
DA:13,0
DA:14,0
DA:15,0
DA:16,0
DA:17,0
DA:18,0
DA:20,0
DA:22,0
LF:9
LH:0
BRDA:15,0,0,0
BRDA:15,0,1,0
BRDA:17,1,0,0
BRDA:17,1,1,0
BRF:4
BRH:0
end_of_record
TN:
SF:/Users/wenxiaoxin/Desktop/WorkSystem--FrontEnd/src/components/button.vue
FNF:0
FNH:0
LF:0
LH:0
BRF:0
BRH:0
end_of_record
TN:
SF:/Users/wenxiaoxin/Desktop/WorkSystem--FrontEnd/src/components/checkBox.vue
FNF:0
FNH:0
DA:13,0
DA:20,0
DA:26,0
DA:28,0
LF:4
LH:0
BRF:0
BRH:0
end_of_record
TN:
SF:/Users/wenxiaoxin/Desktop/WorkSystem--FrontEnd/src/components/checkBoxGroup.vue
FNF:0
FNH:0
DA:18,0
DA:24,0
DA:25,0
DA:27,0
DA:30,0
LF:5
LH:0
BRDA:24,0,0,0
BRDA:24,0,1,0
BRF:2
BRH:0
end_of_record
TN:
SF:/Users/wenxiaoxin/Desktop/WorkSystem--FrontEnd/src/components/dropSelecter.vue
FNF:0
FNH:0
DA:18,0
DA:21,0
DA:28,0
DA:31,0
DA:32,0
DA:33,0
LF:6
LH:0
BRDA:18,0,0,0
BRDA:18,0,1,0
BRF:2
BRH:0
end_of_record
TN:
SF:/Users/wenxiaoxin/Desktop/WorkSystem--FrontEnd/src/components/loading.vue
FNF:0
FNH:0
LF:0
LH:0
BRF:0
BRH:0
end_of_record
TN:
SF:/Users/wenxiaoxin/Desktop/WorkSystem--FrontEnd/src/components/navbar.vue
FN:21,(anonymous_0)
FN:39,(anonymous_1)
FN:40,(anonymous_2)
FNF:3
FNH:1
FNDA:10,(anonymous_0)
FNDA:0,(anonymous_1)
FNDA:0,(anonymous_2)
DA:21,1
DA:22,10
DA:24,10
DA:25,1
DA:28,10
DA:34,0
DA:39,0
DA:40,0
LF:8
LH:5
BRDA:24,0,0,1
BRDA:24,0,1,9
BRF:2
BRH:2
end_of_record
TN:
SF:/Users/wenxiaoxin/Desktop/WorkSystem--FrontEnd/src/components/selectBox.vue
FNF:0
FNH:0
DA:14,0
DA:15,0
DA:24,0
DA:30,0
DA:35,0
LF:5
LH:0
BRDA:14,0,0,0
BRDA:14,0,1,0
BRDA:14,1,0,0
BRDA:14,1,1,0
BRDA:30,2,0,0
BRDA:30,2,1,0
BRDA:30,3,0,0
BRDA:30,3,1,0
BRF:8
BRH:0
end_of_record
TN:
SF:/Users/wenxiaoxin/Desktop/WorkSystem--FrontEnd/src/components/shadow.vue
FNF:0
FNH:0
LF:0
LH:0
BRF:0
BRH:0
end_of_record
TN:
SF:/Users/wenxiaoxin/Desktop/WorkSystem--FrontEnd/src/components/task.vue
FNF:0
FNH:0
DA:35,0
LF:1
LH:0
BRF:0
BRH:0
end_of_record
TN:
SF:/Users/wenxiaoxin/Desktop/WorkSystem--FrontEnd/src/components/textInput.vue
FNF:0
FNH:0
DA:26,0
DA:32,0
DA:37,0
LF:3
LH:0
BRF:0
BRH:0
end_of_record
TN:
SF:/Users/wenxiaoxin/Desktop/WorkSystem--FrontEnd/src/page/login/login.vue
FN:41,(anonymous_0)
FN:62,(anonymous_1)
FN:63,(anonymous_2)
FN:76,(anonymous_3)
FN:91,(anonymous_4)
FNF:5
FNH:0
FNDA:0,(anonymous_0)
FNDA:0,(anonymous_1)
FNDA:0,(anonymous_2)
FNDA:0,(anonymous_3)
FNDA:0,(anonymous_4)
DA:36,0
DA:37,0
DA:38,0
DA:41,0
DA:42,0
DA:43,0
DA:44,0
DA:47,0
DA:51,0
DA:62,0
DA:63,0
DA:68,0
DA:76,0
DA:77,0
DA:78,0
DA:79,0
DA:80,0
DA:81,0
DA:84,0
DA:85,0
DA:86,0
DA:87,0
DA:90,0
DA:92,0
DA:93,0
DA:94,0
LF:26
LH:0
BRDA:36,0,0,0
BRDA:36,0,1,0
BRDA:42,1,0,0
BRDA:42,1,1,0
BRDA:78,2,0,0
BRDA:78,2,1,0
BRDA:84,3,0,0
BRDA:84,3,1,0
BRF:8
BRH:0
end_of_record
TN:
SF:/Users/wenxiaoxin/Desktop/WorkSystem--FrontEnd/src/page/os/os.vue
FN:134,(anonymous_0)
FN:136,(anonymous_1)
FN:146,(anonymous_2)
FN:148,(anonymous_3)
FN:155,(anonymous_4)
FN:169,(anonymous_5)
FN:171,(anonymous_6)
FN:178,(anonymous_7)
FN:186,(anonymous_8)
FN:191,(anonymous_9)
FN:200,(anonymous_10)
FN:202,(anonymous_11)
FN:209,(anonymous_12)
FN:216,(anonymous_13)
FN:441,(anonymous_14)
FN:443,(anonymous_15)
FN:450,(anonymous_16)
FN:459,(anonymous_17)
FN:465,(anonymous_18)
FNF:19
FNH:0
FNDA:0,(anonymous_0)
FNDA:0,(anonymous_1)
FNDA:0,(anonymous_2)
FNDA:0,(anonymous_3)
FNDA:0,(anonymous_4)
FNDA:0,(anonymous_5)
FNDA:0,(anonymous_6)
FNDA:0,(anonymous_7)
FNDA:0,(anonymous_8)
FNDA:0,(anonymous_9)
FNDA:0,(anonymous_10)
FNDA:0,(anonymous_11)
FNDA:0,(anonymous_12)
FNDA:0,(anonymous_13)
FNDA:0,(anonymous_14)
FNDA:0,(anonymous_15)
FNDA:0,(anonymous_16)
FNDA:0,(anonymous_17)
FNDA:0,(anonymous_18)
DA:125,0
DA:127,0
DA:128,0
DA:135,0
DA:137,0
DA:140,0
DA:147,0
DA:149,0
DA:150,0
DA:151,0
DA:152,0
DA:153,0
DA:154,0
DA:155,0
DA:156,0
DA:158,0
DA:160,0
DA:163,0
DA:170,0
DA:172,0
DA:173,0
DA:174,0
DA:175,0
DA:176,0
DA:177,0
DA:178,0
DA:179,0
DA:181,0
DA:183,0
DA:184,0
DA:185,0
DA:187,0
DA:188,0
DA:190,0
DA:191,0
DA:192,0
DA:193,0
DA:194,0
DA:201,0
DA:203,0
DA:204,0
DA:205,0
DA:206,0
DA:207,0
DA:208,0
DA:209,0
DA:210,0
DA:212,0
DA:214,0
DA:215,0
DA:217,0
DA:223,0
DA:258,0
DA:289,0
DA:320,0
DA:351,0
DA:382,0
DA:415,0
DA:416,0
DA:417,0
DA:420,0
DA:421,0
DA:423,0
DA:424,0
DA:427,0
DA:428,0
DA:429,0
DA:442,0
DA:444,0
DA:445,0
DA:446,0
DA:447,0
DA:448,0
DA:449,0
DA:450,0
DA:451,0
DA:453,0
DA:455,0
DA:456,0
DA:457,0
DA:458,0
DA:459,0
DA:460,0
DA:462,0
DA:463,0
DA:464,0
DA:466,0
LF:87
LH:0
BRDA:149,0,0,0
BRDA:149,0,1,0
BRDA:172,1,0,0
BRDA:172,1,1,0
BRDA:192,2,0,0
BRDA:192,2,1,0
BRDA:203,3,0,0
BRDA:203,3,1,0
BRDA:420,4,0,0
BRDA:420,4,1,0
BRDA:435,5,0,0
BRDA:435,5,1,0
BRDA:444,6,0,0
BRDA:444,6,1,0
BRF:14
BRH:0
end_of_record
TN:
SF:/Users/wenxiaoxin/Desktop/WorkSystem--FrontEnd/src/page/user/addExp/addExp.vue
FN:38,(anonymous_0)
FNF:1
FNH:0
FNDA:0,(anonymous_0)
DA:22,0
DA:29,0
DA:30,0
DA:31,0
DA:34,0
DA:38,0
DA:39,0
DA:40,0
DA:41,0
DA:42,0
DA:44,0
DA:47,0
LF:12
LH:0
BRDA:29,0,0,0
BRDA:29,0,1,0
BRDA:39,1,0,0
BRDA:39,1,1,0
BRF:4
BRH:0
end_of_record
TN:
SF:/Users/wenxiaoxin/Desktop/WorkSystem--FrontEnd/src/page/user/contacts/contacts.vue
FNF:0
FNH:0
LF:0
LH:0
BRF:0
BRH:0
end_of_record
TN:
SF:/Users/wenxiaoxin/Desktop/WorkSystem--FrontEnd/src/page/user/createRepair/createRepair.vue
FN:94,(anonymous_0)
FN:113,(anonymous_1)
FN:114,(anonymous_2)
FN:115,(anonymous_3)
FN:229,(anonymous_4)
FN:235,(anonymous_5)
FNF:6
FNH:0
FNDA:0,(anonymous_0)
FNDA:0,(anonymous_1)
FNDA:0,(anonymous_2)
FNDA:0,(anonymous_3)
FNDA:0,(anonymous_4)
FNDA:0,(anonymous_5)
DA:90,0
DA:91,0
DA:92,0
DA:94,0
DA:95,0
DA:96,0
DA:99,0
DA:104,0
DA:113,0
DA:114,0
DA:115,0
DA:119,0
DA:122,0
DA:127,0
DA:130,0
DA:135,0
DA:138,0
DA:143,0
DA:146,0
DA:151,0
DA:154,0
DA:159,0
DA:162,0
DA:167,0
DA:170,0
DA:175,0
DA:178,0
DA:184,0
DA:185,0
DA:186,0
DA:187,0
DA:188,0
DA:190,0
DA:191,0
DA:193,0
DA:194,0
DA:197,0
DA:199,0
DA:200,0
DA:203,0
DA:204,0
DA:205,0
DA:207,0
DA:208,0
DA:209,0
DA:211,0
DA:212,0
DA:213,0
DA:216,0
DA:219,0
DA:230,0
DA:235,0
DA:236,0
DA:237,0
DA:238,0
DA:239,0
DA:240,0
DA:241,0
DA:242,0
DA:243,0
DA:245,0
DA:248,0
DA:249,0
DA:253,0
DA:254,0
LF:65
LH:0
BRDA:90,0,0,0
BRDA:90,0,1,0
BRDA:95,1,0,0
BRDA:95,1,1,0
BRDA:186,2,0,0
BRDA:186,2,1,0
BRDA:186,3,0,0
BRDA:186,3,1,0
BRDA:190,4,0,0
BRDA:190,4,1,0
BRDA:191,5,0,0
BRDA:191,5,1,0
BRDA:191,6,0,0
BRDA:191,6,1,0
BRDA:191,6,2,0
BRDA:197,7,0,0
BRDA:197,7,1,0
BRDA:197,8,0,0
BRDA:197,8,1,0
BRDA:197,8,2,0
BRDA:203,9,0,0
BRDA:203,9,1,0
BRDA:207,10,0,0
BRDA:207,10,1,0
BRDA:211,11,0,0
BRDA:211,11,1,0
BRDA:226,12,0,0
BRDA:226,12,1,0
BRDA:226,13,0,0
BRDA:226,13,1,0
BRDA:227,14,0,0
BRDA:227,14,1,0
BRDA:236,15,0,0
BRDA:236,15,1,0
BRDA:238,16,0,0
BRDA:238,16,1,0
BRF:36
BRH:0
end_of_record
TN:
SF:/Users/wenxiaoxin/Desktop/WorkSystem--FrontEnd/src/page/user/createWork/createWork.vue
FN:75,(anonymous_0)
FN:76,(anonymous_1)
FN:113,(anonymous_2)
FN:145,(anonymous_3)
FN:154,(anonymous_4)
FN:157,(anonymous_5)
FN:164,(anonymous_6)
FN:171,(anonymous_7)
FN:178,(anonymous_8)
FN:185,(anonymous_9)
FNF:10
FNH:0
FNDA:0,(anonymous_0)
FNDA:0,(anonymous_1)
FNDA:0,(anonymous_2)
FNDA:0,(anonymous_3)
FNDA:0,(anonymous_4)
FNDA:0,(anonymous_5)
FNDA:0,(anonymous_6)
FNDA:0,(anonymous_7)
FNDA:0,(anonymous_8)
FNDA:0,(anonymous_9)
DA:61,0
DA:75,0
DA:76,0
DA:80,0
DA:83,0
DA:88,0
DA:91,0
DA:96,0
DA:99,0
DA:104,0
DA:107,0
DA:112,0
DA:113,0
DA:114,0
DA:117,0
DA:120,0
DA:126,0
DA:145,0
DA:146,0
DA:147,0
DA:152,0
DA:154,0
DA:155,0
DA:157,0
DA:158,0
DA:160,0
DA:164,0
DA:165,0
DA:167,0
DA:171,0
DA:172,0
DA:174,0
DA:178,0
DA:179,0
DA:181,0
DA:185,0
DA:186,0
DA:188,0
DA:192,0
DA:195,0
DA:197,0
DA:198,0
DA:203,0
DA:205,0
DA:206,0
DA:209,0
DA:214,0
DA:217,0
DA:218,0
DA:220,0
DA:223,0
DA:226,0
DA:227,0
LF:53
LH:0
BRDA:114,0,0,0
BRDA:114,0,1,0
BRDA:114,1,0,0
BRDA:114,1,1,0
BRDA:114,1,2,0
BRDA:114,1,3,0
BRDA:114,1,4,0
BRDA:114,1,5,0
BRDA:114,1,6,0
BRDA:114,1,7,0
BRDA:115,2,0,0
BRDA:115,2,1,0
BRDA:115,2,2,0
BRDA:127,3,0,0
BRDA:127,3,1,0
BRDA:136,4,0,0
BRDA:136,4,1,0
BRDA:136,5,0,0
BRDA:136,5,1,0
BRDA:136,5,2,0
BRDA:138,6,0,0
BRDA:138,6,1,0
BRDA:138,7,0,0
BRDA:138,7,1,0
BRDA:140,8,0,0
BRDA:140,8,1,0
BRDA:146,9,0,0
BRDA:146,9,1,0
BRDA:147,10,0,0
BRDA:147,10,1,0
BRDA:152,11,0,0
BRDA:152,11,1,0
BRDA:158,12,0,0
BRDA:158,12,1,0
BRDA:158,13,0,0
BRDA:158,13,1,0
BRDA:158,13,2,0
BRDA:165,14,0,0
BRDA:165,14,1,0
BRDA:165,15,0,0
BRDA:165,15,1,0
BRDA:165,15,2,0
BRDA:172,16,0,0
BRDA:172,16,1,0
BRDA:172,17,0,0
BRDA:172,17,1,0
BRDA:172,17,2,0
BRDA:179,18,0,0
BRDA:179,18,1,0
BRDA:179,19,0,0
BRDA:179,19,1,0
BRDA:179,19,2,0
BRDA:186,20,0,0
BRDA:186,20,1,0
BRDA:186,21,0,0
BRDA:186,21,1,0
BRDA:186,21,2,0
BRDA:192,22,0,0
BRDA:192,22,1,0
BRDA:192,23,0,0
BRDA:192,23,1,0
BRDA:192,23,2,0
BRDA:192,23,3,0
BRDA:192,23,4,0
BRDA:203,24,0,0
BRDA:203,24,1,0
BRDA:203,25,0,0
BRDA:203,25,1,0
BRDA:218,26,0,0
BRDA:218,26,1,0
BRF:70
BRH:0
end_of_record
TN:
SF:/Users/wenxiaoxin/Desktop/WorkSystem--FrontEnd/src/page/user/editAN/editAN.vue
FN:42,(anonymous_0)
FNF:1
FNH:0
FNDA:0,(anonymous_0)
DA:28,0
DA:34,0
DA:35,0
DA:36,0
DA:39,0
DA:42,0
DA:43,0
DA:44,0
DA:45,0
DA:46,0
DA:47,0
DA:49,0
DA:52,0
LF:13
LH:0
BRDA:34,0,0,0
BRDA:34,0,1,0
BRDA:43,1,0,0
BRDA:43,1,1,0
BRDA:45,2,0,0
BRDA:45,2,1,0
BRF:6
BRH:0
end_of_record
TN:
SF:/Users/wenxiaoxin/Desktop/WorkSystem--FrontEnd/src/page/user/index.vue
FN:173,(anonymous_0)
FN:193,(anonymous_1)
FN:194,(anonymous_2)
FN:195,(anonymous_3)
FN:196,(anonymous_4)
FN:197,(anonymous_5)
FN:198,(anonymous_6)
FN:199,(anonymous_7)
FN:200,(anonymous_8)
FNF:9
FNH:0
FNDA:0,(anonymous_0)
FNDA:0,(anonymous_1)
FNDA:0,(anonymous_2)
FNDA:0,(anonymous_3)
FNDA:0,(anonymous_4)
FNDA:0,(anonymous_5)
FNDA:0,(anonymous_6)
FNDA:0,(anonymous_7)
FNDA:0,(anonymous_8)
DA:170,0
DA:172,0
DA:173,0
DA:174,0
DA:175,0
DA:176,0
DA:179,0
DA:182,0
DA:186,0
DA:193,0
DA:194,0
DA:195,0
DA:196,0
DA:197,0
DA:198,0
DA:199,0
DA:200,0
DA:203,0
DA:204,0
DA:205,0
DA:210,0
DA:211,0
DA:214,0
DA:215,0
DA:216,0
DA:219,0
DA:222,0
DA:225,0
LF:28
LH:0
BRDA:172,0,0,0
BRDA:172,0,1,0
BRDA:174,1,0,0
BRDA:174,1,1,0
BRDA:225,2,0,0
BRDA:225,2,1,0
BRF:6
BRH:0
end_of_record
TN:
SF:/Users/wenxiaoxin/Desktop/WorkSystem--FrontEnd/src/page/user/newTask/newTask.vue
FN:101,(anonymous_0)
FN:102,(anonymous_1)
FN:228,(anonymous_2)
FNF:3
FNH:0
FNDA:0,(anonymous_0)
FNDA:0,(anonymous_1)
FNDA:0,(anonymous_2)
DA:92,0
DA:101,0
DA:102,0
DA:106,0
DA:109,0
DA:114,0
DA:117,0
DA:122,0
DA:125,0
DA:130,0
DA:133,0
DA:138,0
DA:141,0
DA:146,0
DA:149,0
DA:154,0
DA:157,0
DA:162,0
DA:165,0
DA:172,0
DA:173,0
DA:174,0
DA:175,0
DA:176,0
DA:178,0
DA:179,0
DA:181,0
DA:182,0
DA:185,0
DA:187,0
DA:188,0
DA:191,0
DA:192,0
DA:193,0
DA:195,0
DA:196,0
DA:197,0
DA:200,0
DA:203,0
DA:228,0
DA:229,0
DA:230,0
DA:231,0
DA:232,0
DA:233,0
DA:234,0
DA:235,0
DA:237,0
DA:239,0
DA:242,0
DA:243,0
DA:247,0
DA:248,0
LF:53
LH:0
BRDA:174,0,0,0
BRDA:174,0,1,0
BRDA:174,1,0,0
BRDA:174,1,1,0
BRDA:178,2,0,0
BRDA:178,2,1,0
BRDA:179,3,0,0
BRDA:179,3,1,0
BRDA:179,4,0,0
BRDA:179,4,1,0
BRDA:179,4,2,0
BRDA:185,5,0,0
BRDA:185,5,1,0
BRDA:185,6,0,0
BRDA:185,6,1,0
BRDA:185,6,2,0
BRDA:191,7,0,0
BRDA:191,7,1,0
BRDA:195,8,0,0
BRDA:195,8,1,0
BRDA:205,9,0,0
BRDA:205,9,1,0
BRDA:210,10,0,0
BRDA:210,10,1,0
BRDA:210,11,0,0
BRDA:210,11,1,0
BRDA:211,12,0,0
BRDA:211,12,1,0
BRDA:216,13,0,0
BRDA:216,13,1,0
BRDA:216,14,0,0
BRDA:216,14,1,0
BRDA:221,15,0,0
BRDA:221,15,1,0
BRDA:221,16,0,0
BRDA:221,16,1,0
BRDA:222,17,0,0
BRDA:222,17,1,0
BRDA:229,18,0,0
BRDA:229,18,1,0
BRDA:231,19,0,0
BRDA:231,19,1,0
BRF:42
BRH:0
end_of_record
TN:
SF:/Users/wenxiaoxin/Desktop/WorkSystem--FrontEnd/src/page/user/overview/overview.vue
FN:74,(anonymous_0)
FN:75,(anonymous_1)
FN:76,(anonymous_2)
FN:77,(anonymous_3)
FNF:4
FNH:0
FNDA:0,(anonymous_0)
FNDA:0,(anonymous_1)
FNDA:0,(anonymous_2)
FNDA:0,(anonymous_3)
DA:67,0
DA:74,0
DA:75,0
DA:76,0
DA:77,0
LF:5
LH:0
BRF:0
BRH:0
end_of_record
TN:
SF:/Users/wenxiaoxin/Desktop/WorkSystem--FrontEnd/src/page/user/registerWork/registerWork.vue
FN:105,(anonymous_0)
FN:133,(anonymous_1)
FNF:2
FNH:0
FNDA:0,(anonymous_0)
FNDA:0,(anonymous_1)
DA:82,0
DA:85,0
DA:95,0
DA:96,0
DA:97,0
DA:98,0
DA:105,0
DA:106,0
DA:108,0
DA:109,0
DA:110,0
DA:112,0
DA:113,0
DA:116,0
DA:117,0
DA:119,0
DA:121,0
DA:122,0
DA:123,0
DA:126,0
DA:130,0
DA:133,0
DA:134,0
DA:135,0
DA:136,0
DA:137,0
DA:138,0
DA:139,0
DA:140,0
DA:142,0
DA:145,0
LF:31
LH:0
BRDA:98,0,0,0
BRDA:98,0,1,0
BRDA:98,1,0,0
BRDA:98,1,1,0
BRDA:99,2,0,0
BRDA:99,2,1,0
BRDA:99,3,0,0
BRDA:99,3,1,0
BRDA:106,4,0,0
BRDA:106,4,1,0
BRDA:110,5,0,0
BRDA:110,5,1,0
BRDA:116,6,0,0
BRDA:116,6,1,0
BRDA:134,7,0,0
BRDA:134,7,1,0
BRDA:136,8,0,0
BRDA:136,8,1,0
BRDA:138,9,0,0
BRDA:138,9,1,0
BRF:20
BRH:0
end_of_record
TN:
SF:/Users/wenxiaoxin/Desktop/WorkSystem--FrontEnd/src/page/user/resRegister/resRegister.vue
FN:59,(anonymous_0)
FN:74,(anonymous_1)
FN:97,(anonymous_2)
FNF:3
FNH:0
FNDA:0,(anonymous_0)
FNDA:0,(anonymous_1)
FNDA:0,(anonymous_2)
DA:44,0
DA:47,0
DA:59,0
DA:64,0
DA:65,0
DA:66,0
DA:67,0
DA:68,0
DA:71,0
DA:74,0
DA:75,0
DA:76,0
DA:77,0
DA:79,0
DA:80,0
DA:85,0
DA:86,0
DA:87,0
DA:88,0
DA:91,0
DA:97,0
DA:98,0
DA:99,0
DA:100,0
DA:101,0
DA:103,0
DA:106,0
DA:107,0
LF:28
LH:0
BRDA:64,0,0,0
BRDA:64,0,1,0
BRDA:75,1,0,0
BRDA:75,1,1,0
BRDA:85,2,0,0
BRDA:85,2,1,0
BRDA:85,3,0,0
BRDA:85,3,1,0
BRDA:93,4,0,0
BRDA:93,4,1,0
BRDA:98,5,0,0
BRDA:98,5,1,0
BRDA:100,6,0,0
BRDA:100,6,1,0
BRF:14
BRH:0
end_of_record
TN:
SF:/Users/wenxiaoxin/Desktop/WorkSystem--FrontEnd/src/page/user/searchAccount/searchAccount.vue
FN:54,(anonymous_0)
FNF:1
FNH:0
FNDA:0,(anonymous_0)
DA:36,0
DA:45,0
DA:46,0
DA:55,0
LF:4
LH:0
BRF:0
BRH:0
end_of_record
TN:
SF:/Users/wenxiaoxin/Desktop/WorkSystem--FrontEnd/src/page/user/searchDay/searchDay.vue
FN:79,(anonymous_0)
FN:100,(anonymous_1)
FNF:2
FNH:0
FNDA:0,(anonymous_0)
FNDA:0,(anonymous_1)
DA:64,0
DA:79,0
DA:84,0
DA:85,0
DA:88,0
DA:89,0
DA:90,0
DA:93,0
DA:100,0
DA:101,0
DA:102,0
DA:104,0
DA:107,0
LF:13
LH:0
BRDA:69,0,0,0
BRDA:69,0,1,0
BRDA:70,1,0,0
BRDA:70,1,1,0
BRDA:72,2,0,0
BRDA:72,2,1,0
BRDA:73,3,0,0
BRDA:73,3,1,0
BRDA:88,4,0,0
BRDA:88,4,1,0
BRDA:95,5,0,0
BRDA:95,5,1,0
BRDA:95,6,0,0
BRDA:95,6,1,0
BRDA:95,7,0,0
BRDA:95,7,1,0
BRDA:96,8,0,0
BRDA:96,8,1,0
BRDA:101,9,0,0
BRDA:101,9,1,0
BRF:20
BRH:0
end_of_record
TN:
SF:/Users/wenxiaoxin/Desktop/WorkSystem--FrontEnd/src/page/user/searchExp/searchExp.vue
FN:21,(anonymous_0)
FNF:1
FNH:0
FNDA:0,(anonymous_0)
DA:21,0
DA:22,0
DA:23,0
DA:25,0
DA:28,0
DA:32,0
LF:6
LH:0
BRDA:22,0,0,0
BRDA:22,0,1,0
BRF:2
BRH:0
end_of_record
TN:
SF:/Users/wenxiaoxin/Desktop/WorkSystem--FrontEnd/src/page/user/searchID/searchID.vue
FN:78,(anonymous_0)
FN:102,(anonymous_1)
FNF:2
FNH:0
FNDA:0,(anonymous_0)
FNDA:0,(anonymous_1)
DA:64,0
DA:78,0
DA:83,0
DA:84,0
DA:87,0
DA:88,0
DA:89,0
DA:91,0
DA:92,0
DA:93,0
DA:96,0
DA:102,0
DA:103,0
DA:104,0
DA:106,0
DA:109,0
LF:16
LH:0
BRDA:69,0,0,0
BRDA:69,0,1,0
BRDA:70,1,0,0
BRDA:70,1,1,0
BRDA:72,2,0,0
BRDA:72,2,1,0
BRDA:73,3,0,0
BRDA:73,3,1,0
BRDA:87,4,0,0
BRDA:87,4,1,0
BRDA:87,5,0,0
BRDA:87,5,1,0
BRDA:91,6,0,0
BRDA:91,6,1,0
BRDA:103,7,0,0
BRDA:103,7,1,0
BRF:16
BRH:0
end_of_record
TN:
SF:/Users/wenxiaoxin/Desktop/WorkSystem--FrontEnd/src/page/user/searchOverview/searchOverview.vue
FN:63,(anonymous_0)
FNF:1
FNH:0
FNDA:0,(anonymous_0)
DA:40,0
DA:58,0
DA:63,0
DA:64,0
DA:65,0
DA:66,0
DA:68,0
DA:71,0
LF:8
LH:0
BRDA:43,0,0,0
BRDA:43,0,1,0
BRDA:44,1,0,0
BRDA:44,1,1,0
BRDA:46,2,0,0
BRDA:46,2,1,0
BRDA:47,3,0,0
BRDA:47,3,1,0
BRDA:64,4,0,0
BRDA:64,4,1,0
BRF:10
BRH:0
end_of_record
TN:
SF:/Users/wenxiaoxin/Desktop/WorkSystem--FrontEnd/src/page/user/searchToday/searchToday.vue
FN:43,(anonymous_0)
FNF:1
FNH:0
FNDA:0,(anonymous_0)
DA:32,0
DA:40,0
DA:43,0
DA:44,0
DA:45,0
DA:47,0
DA:50,0
LF:7
LH:0
BRDA:44,0,0,0
BRDA:44,0,1,0
BRF:2
BRH:0
end_of_record
TN:
SF:/Users/wenxiaoxin/Desktop/WorkSystem--FrontEnd/src/page/user/searchUser/searchUser.vue
FN:67,(anonymous_0)
FN:85,(anonymous_1)
FNF:2
FNH:0
FNDA:0,(anonymous_0)
FNDA:0,(anonymous_1)
DA:59,0
DA:67,0
DA:72,0
DA:73,0
DA:76,0
DA:77,0
DA:78,0
DA:81,0
DA:85,0
DA:86,0
DA:87,0
DA:89,0
DA:92,0
LF:13
LH:0
BRDA:76,0,0,0
BRDA:76,0,1,0
BRDA:76,1,0,0
BRDA:76,1,1,0
BRDA:86,2,0,0
BRDA:86,2,1,0
BRF:6
BRH:0
end_of_record
TN:
SF:/Users/wenxiaoxin/Desktop/WorkSystem--FrontEnd/src/page/user/searchWork/searchWork.vue
FN:61,(anonymous_0)
FNF:1
FNH:0
FNDA:0,(anonymous_0)
DA:47,0
DA:57,0
DA:61,0
DA:62,0
DA:63,0
DA:64,0
DA:66,0
DA:69,0
LF:8
LH:0
BRDA:51,0,0,0
BRDA:51,0,1,0
BRDA:52,1,0,0
BRDA:52,1,1,0
BRDA:62,2,0,0
BRDA:62,2,1,0
BRF:6
BRH:0
end_of_record
TN:
SF:/Users/wenxiaoxin/Desktop/WorkSystem--FrontEnd/src/page/user/setInfo/setInfo.vue
FNF:0
FNH:0
DA:34,0
DA:47,0
DA:48,0
DA:49,0
DA:52,0
DA:59,0
LF:6
LH:0
BRDA:35,0,0,0
BRDA:35,0,1,0
BRDA:35,1,0,0
BRDA:35,1,1,0
BRDA:36,2,0,0
BRDA:36,2,1,0
BRDA:36,3,0,0
BRDA:36,3,1,0
BRDA:37,4,0,0
BRDA:37,4,1,0
BRDA:37,5,0,0
BRDA:37,5,1,0
BRDA:47,6,0,0
BRDA:47,6,1,0
BRDA:47,7,0,0
BRDA:47,7,1,0
BRDA:47,7,2,0
BRDA:54,8,0,0
BRDA:54,8,1,0
BRDA:54,9,0,0
BRDA:54,9,1,0
BRDA:54,10,0,0
BRDA:54,10,1,0
BRDA:55,11,0,0
BRDA:55,11,1,0
BRDA:55,12,0,0
BRDA:55,12,1,0
BRDA:55,13,0,0
BRDA:55,13,1,0
BRF:29
BRH:0
end_of_record
TN:
SF:/Users/wenxiaoxin/Desktop/WorkSystem--FrontEnd/src/page/user/setPassword/setPassword.vue
FNF:0
FNH:0
DA:30,0
DA:38,0
DA:39,0
DA:40,0
DA:42,0
DA:43,0
DA:44,0
DA:46,0
DA:47,0
DA:48,0
DA:51,0
DA:55,0
LF:12
LH:0
BRDA:38,0,0,0
BRDA:38,0,1,0
BRDA:38,1,0,0
BRDA:38,1,1,0
BRDA:42,2,0,0
BRDA:42,2,1,0
BRDA:46,3,0,0
BRDA:46,3,1,0
BRF:8
BRH:0
end_of_record
TN:
SF:/Users/wenxiaoxin/Desktop/WorkSystem--FrontEnd/src/page/user/tasks/tasks.vue
FN:96,(anonymous_0)
FN:97,(anonymous_1)
FN:98,(anonymous_2)
FN:99,(anonymous_3)
FN:100,(anonymous_4)
FN:101,(anonymous_5)
FN:212,(anonymous_6)
FN:219,(anonymous_7)
FNF:8
FNH:0
FNDA:0,(anonymous_0)
FNDA:0,(anonymous_1)
FNDA:0,(anonymous_2)
FNDA:0,(anonymous_3)
FNDA:0,(anonymous_4)
FNDA:0,(anonymous_5)
FNDA:0,(anonymous_6)
FNDA:0,(anonymous_7)
DA:71,0
DA:72,0
DA:73,0
DA:75,0
DA:79,0
DA:80,0
DA:83,0
DA:96,0
DA:97,0
DA:98,0
DA:99,0
DA:100,0
DA:101,0
DA:105,0
DA:108,0
DA:113,0
DA:116,0
DA:121,0
DA:124,0
DA:129,0
DA:130,0
DA:131,0
DA:132,0
DA:133,0
DA:134,0
DA:135,0
DA:136,0
DA:137,0
DA:138,0
DA:139,0
DA:140,0
DA:142,0
DA:149,0
DA:150,0
DA:151,0
DA:152,0
DA:153,0
DA:154,0
DA:155,0
DA:159,0
DA:160,0
DA:161,0
DA:162,0
DA:163,0
DA:164,0
DA:165,0
DA:166,0
DA:167,0
DA:171,0
DA:173,0
DA:176,0
DA:177,0
DA:180,0
DA:183,0
DA:184,0
DA:186,0
DA:187,0
DA:191,0
DA:192,0
DA:193,0
DA:194,0
DA:195,0
DA:197,0
DA:198,0
DA:199,0
DA:201,0
DA:202,0
DA:203,0
DA:206,0
DA:213,0
DA:220,0
DA:224,0
LF:72
LH:0
BRDA:71,0,0,0
BRDA:71,0,1,0
BRDA:129,1,0,0
BRDA:129,1,1,0
BRDA:131,2,0,0
BRDA:131,2,1,0
BRDA:133,3,0,0
BRDA:133,3,1,0
BRDA:135,4,0,0
BRDA:135,4,1,0
BRDA:137,5,0,0
BRDA:137,5,1,0
BRDA:139,6,0,0
BRDA:139,6,1,0
BRDA:149,7,0,0
BRDA:149,7,1,0
BRDA:150,8,0,0
BRDA:150,8,1,0
BRDA:150,9,0,0
BRDA:150,9,1,0
BRDA:152,10,0,0
BRDA:152,10,1,0
BRDA:152,11,0,0
BRDA:152,11,1,0
BRDA:154,12,0,0
BRDA:154,12,1,0
BRDA:154,13,0,0
BRDA:154,13,1,0
BRDA:159,14,0,0
BRDA:159,14,1,0
BRDA:160,15,0,0
BRDA:160,15,1,0
BRDA:160,16,0,0
BRDA:160,16,1,0
BRDA:162,17,0,0
BRDA:162,17,1,0
BRDA:162,18,0,0
BRDA:162,18,1,0
BRDA:164,19,0,0
BRDA:164,19,1,0
BRDA:164,20,0,0
BRDA:164,20,1,0
BRDA:166,21,0,0
BRDA:166,21,1,0
BRDA:166,22,0,0
BRDA:166,22,1,0
BRDA:171,23,0,0
BRDA:171,23,1,0
BRDA:171,24,0,0
BRDA:171,24,1,0
BRDA:171,24,2,0
BRDA:176,25,0,0
BRDA:176,25,1,0
BRDA:176,26,0,0
BRDA:176,26,1,0
BRDA:183,27,0,0
BRDA:183,27,1,0
BRDA:193,28,0,0
BRDA:193,28,1,0
BRDA:197,29,0,0
BRDA:197,29,1,0
BRDA:201,30,0,0
BRDA:201,30,1,0
BRDA:208,31,0,0
BRDA:208,31,1,0
BRDA:210,32,0,0
BRDA:210,32,1,0
BRDA:210,33,0,0
BRDA:210,33,1,0
BRDA:210,34,0,0
BRDA:210,34,1,0
BRDA:217,35,0,0
BRDA:217,35,1,0
BRDA:217,36,0,0
BRDA:217,36,1,0
BRDA:217,37,0,0
BRDA:217,37,1,0
BRF:77
BRH:0
end_of_record
TN:
SF:/Users/wenxiaoxin/Desktop/WorkSystem--FrontEnd/src/page/user/todayFinish/todayFinish.vue
FN:50,(anonymous_0)
FN:68,(anonymous_1)
FNF:2
FNH:0
FNDA:0,(anonymous_0)
FNDA:0,(anonymous_1)
DA:50,0
DA:51,0
DA:52,0
DA:54,0
DA:57,0
DA:61,0
DA:68,0
DA:73,0
DA:74,0
LF:9
LH:0
BRDA:51,0,0,0
BRDA:51,0,1,0
BRF:2
BRH:0
end_of_record
TN:
SF:/Users/wenxiaoxin/Desktop/WorkSystem--FrontEnd/src/router/index.js
FNF:0
FNH:0
DA:28,1
LF:1
LH:1
BRF:0
BRH:0
end_of_record
TN:
SF:/Users/wenxiaoxin/Desktop/WorkSystem--FrontEnd/src/store/actions.js
FN:33,(anonymous_0)
FN:52,(anonymous_1)
FN:60,(anonymous_2)
FN:67,(anonymous_3)
FN:82,(anonymous_4)
FN:87,(anonymous_5)
FN:95,(anonymous_6)
FN:103,(anonymous_7)
FN:107,(anonymous_8)
FN:119,(anonymous_9)
FN:127,(anonymous_10)
FN:135,(anonymous_11)
FN:143,(anonymous_12)
FN:151,(anonymous_13)
FN:159,(anonymous_14)
FN:167,(anonymous_15)
FN:174,(anonymous_16)
FN:182,(anonymous_17)
FN:209,(anonymous_18)
FN:217,(anonymous_19)
FN:225,(anonymous_20)
FN:233,(anonymous_21)
FN:242,(anonymous_22)
FN:257,(anonymous_23)
FN:265,(anonymous_24)
FN:269,(anonymous_25)
FN:279,(anonymous_26)
FN:287,(anonymous_27)
FN:300,(anonymous_28)
FN:308,(anonymous_29)
FN:316,(anonymous_30)
FN:324,(anonymous_31)
FN:333,(anonymous_32)
FN:352,(anonymous_33)
FNF:34
FNH:0
FNDA:0,(anonymous_0)
FNDA:0,(anonymous_1)
FNDA:0,(anonymous_2)
FNDA:0,(anonymous_3)
FNDA:0,(anonymous_4)
FNDA:0,(anonymous_5)
FNDA:0,(anonymous_6)
FNDA:0,(anonymous_7)
FNDA:0,(anonymous_8)
FNDA:0,(anonymous_9)
FNDA:0,(anonymous_10)
FNDA:0,(anonymous_11)
FNDA:0,(anonymous_12)
FNDA:0,(anonymous_13)
FNDA:0,(anonymous_14)
FNDA:0,(anonymous_15)
FNDA:0,(anonymous_16)
FNDA:0,(anonymous_17)
FNDA:0,(anonymous_18)
FNDA:0,(anonymous_19)
FNDA:0,(anonymous_20)
FNDA:0,(anonymous_21)
FNDA:0,(anonymous_22)
FNDA:0,(anonymous_23)
FNDA:0,(anonymous_24)
FNDA:0,(anonymous_25)
FNDA:0,(anonymous_26)
FNDA:0,(anonymous_27)
FNDA:0,(anonymous_28)
FNDA:0,(anonymous_29)
FNDA:0,(anonymous_30)
FNDA:0,(anonymous_31)
FNDA:0,(anonymous_32)
FNDA:0,(anonymous_33)
DA:31,0
DA:33,0
DA:34,0
DA:36,0
DA:37,0
DA:41,0
DA:42,0
DA:43,0
DA:44,0
DA:45,0
DA:46,0
DA:48,0
DA:49,0
DA:50,0
DA:51,0
DA:53,0
DA:54,0
DA:58,0
DA:60,0
DA:61,0
DA:62,0
DA:63,0
DA:67,0
DA:68,0
DA:69,0
DA:70,0
DA:71,0
DA:74,0
DA:75,0
DA:78,0
DA:81,0
DA:82,0
DA:83,0
DA:86,0
DA:88,0
DA:89,0
DA:93,0
DA:95,0
DA:96,0
DA:97,0
DA:98,0
DA:99,0
DA:102,0
DA:104,0
DA:108,0
DA:109,0
DA:113,0
DA:115,0
DA:119,0
DA:120,0
DA:128,0
DA:129,0
DA:133,0
DA:135,0
DA:136,0
DA:137,0
DA:141,0
DA:143,0
DA:144,0
DA:145,0
DA:149,0
DA:151,0
DA:152,0
DA:153,0
DA:157,0
DA:159,0
DA:160,0
DA:161,0
DA:165,0
DA:167,0
DA:168,0
DA:169,0
DA:171,0
DA:172,0
DA:175,0
DA:176,0
DA:180,0
DA:182,0
DA:183,0
DA:184,0
DA:186,0
DA:187,0
DA:191,0
DA:192,0
DA:193,0
DA:194,0
DA:195,0
DA:196,0
DA:198,0
DA:199,0
DA:200,0
DA:201,0
DA:203,0
DA:207,0
DA:209,0
DA:210,0
DA:211,0
DA:215,0
DA:217,0
DA:218,0
DA:219,0
DA:223,0
DA:225,0
DA:226,0
DA:227,0
DA:231,0
DA:233,0
DA:234,0
DA:235,0
DA:236,0
DA:240,0
DA:242,0
DA:243,0
DA:245,0
DA:246,0
DA:247,0
DA:249,0
DA:250,0
DA:251,0
DA:253,0
DA:256,0
DA:258,0
DA:259,0
DA:263,0
DA:265,0
DA:266,0
DA:267,0
DA:269,0
DA:270,0
DA:272,0
DA:273,0
DA:275,0
DA:278,0
DA:280,0
DA:281,0
DA:285,0
DA:287,0
DA:288,0
DA:289,0
DA:290,0
DA:291,0
DA:292,0
DA:293,0
DA:294,0
DA:295,0
DA:296,0
DA:298,0
DA:301,0
DA:302,0
DA:306,0
DA:308,0
DA:309,0
DA:310,0
DA:314,0
DA:316,0
DA:317,0
DA:318,0
DA:322,0
DA:324,0
DA:325,0
DA:326,0
DA:327,0
DA:331,0
DA:333,0
DA:334,0
DA:335,0
DA:336,0
DA:337,0
DA:338,0
DA:339,0
DA:340,0
DA:341,0
DA:342,0
DA:343,0
DA:344,0
DA:345,0
DA:346,0
DA:348,0
DA:350,0
DA:353,0
DA:354,0
DA:355,0
LF:182
LH:0
BRDA:34,0,0,0
BRDA:34,0,1,0
BRDA:48,1,0,0
BRDA:48,1,1,0
BRDA:61,2,0,0
BRDA:61,2,1,0
BRDA:70,3,0,0
BRDA:70,3,1,0
BRDA:74,4,0,0
BRDA:74,4,1,0
BRDA:96,5,0,0
BRDA:96,5,1,0
BRDA:168,6,0,0
BRDA:168,6,1,0
BRDA:183,7,0,0
BRDA:183,7,1,0
BRDA:186,8,0,0
BRDA:186,8,1,0
BRDA:198,9,0,0
BRDA:198,9,1,0
BRDA:243,10,0,0
BRDA:243,10,1,0
BRDA:250,11,0,0
BRDA:250,11,1,0
BRDA:266,12,0,0
BRDA:266,12,1,0
BRDA:272,13,0,0
BRDA:272,13,1,0
BRDA:288,14,0,0
BRDA:288,14,1,0
BRDA:291,15,0,0
BRDA:291,15,1,0
BRDA:293,16,0,0
BRDA:293,16,1,0
BRDA:336,17,0,0
BRDA:336,17,1,0
BRDA:338,18,0,0
BRDA:338,18,1,0
BRDA:340,19,0,0
BRDA:340,19,1,0
BRDA:342,20,0,0
BRDA:342,20,1,0
BRDA:344,21,0,0
BRDA:344,21,1,0
BRF:44
BRH:0
end_of_record
TN:
SF:/Users/wenxiaoxin/Desktop/WorkSystem--FrontEnd/src/store/mutation-types.js
FNF:0
FNH:0
DA:6,1
DA:7,1
DA:8,1
DA:9,1
DA:10,1
DA:11,1
DA:12,1
DA:13,1
DA:14,1
DA:15,1
DA:16,1
DA:17,1
DA:20,1
DA:21,1
DA:22,1
DA:23,1
DA:26,1
DA:27,1
DA:28,1
DA:29,1
DA:30,1
DA:31,1
DA:32,1
DA:33,1
DA:36,1
DA:37,1
DA:40,1
DA:41,1
DA:42,1
DA:43,1
DA:44,1
DA:45,1
DA:46,1
DA:49,1
DA:50,1
DA:51,1
DA:52,1
DA:53,1
DA:54,1
DA:55,1
DA:56,1
DA:59,1
LF:42
LH:42
BRF:0
BRH:0
end_of_record
TN:
SF:/Users/wenxiaoxin/Desktop/WorkSystem--FrontEnd/src/store/index.js
FNF:0
FNH:0
DA:15,1
DA:18,1
LF:2
LH:2
BRF:0
BRH:0
end_of_record
TN:
SF:/Users/wenxiaoxin/Desktop/WorkSystem--FrontEnd/src/store/mutations.js
FNF:0
FNH:0
LF:0
LH:0
BRF:0
BRH:0
end_of_record
TN:
SF:/Users/wenxiaoxin/Desktop/WorkSystem--FrontEnd/src/store/module/base.js
FNF:0
FNH:0
DA:6,1
DA:26,1
DA:28,0
DA:31,0
DA:34,0
DA:37,0
DA:40,0
DA:43,0
DA:46,0
DA:49,0
DA:52,0
DA:55,0
DA:58,0
DA:61,0
DA:65,1
DA:67,0
DA:68,0
DA:71,0
DA:74,0
DA:75,0
DA:78,0
DA:79,0
DA:82,0
DA:85,0
DA:88,0
DA:91,0
DA:94,0
DA:97,0
DA:98,0
LF:29
LH:3
BRF:0
BRH:0
end_of_record
TN:
SF:/Users/wenxiaoxin/Desktop/WorkSystem--FrontEnd/src/store/module/createWork.js
FN:25,(anonymous_0)
FNF:1
FNH:0
FNDA:0,(anonymous_0)
DA:6,1
DA:13,1
DA:15,0
DA:18,0
DA:21,0
DA:24,0
DA:25,0
DA:26,0
DA:31,1
DA:33,0
LF:10
LH:3
BRF:0
BRH:0
end_of_record
TN:
SF:/Users/wenxiaoxin/Desktop/WorkSystem--FrontEnd/src/store/module/createRepair.js
FNF:0
FNH:0
DA:6,1
DA:17,1
DA:19,0
DA:22,0
DA:25,0
DA:28,0
DA:31,0
DA:34,0
DA:37,0
DA:40,0
LF:10
LH:2
BRF:0
BRH:0
end_of_record
TN:
SF:/Users/wenxiaoxin/Desktop/WorkSystem--FrontEnd/src/store/module/overview.js
FNF:0
FNH:0
DA:6,1
DA:16,1
DA:18,0
DA:21,0
DA:25,1
DA:27,0
DA:28,0
LF:7
LH:3
BRF:0
BRH:0
end_of_record
TN:
SF:/Users/wenxiaoxin/Desktop/WorkSystem--FrontEnd/src/store/module/tasks.js
FNF:0
FNH:0
DA:6,1
DA:15,1
DA:17,0
DA:20,0
DA:23,0
DA:26,0
DA:29,0
DA:32,0
DA:36,1
DA:38,0
DA:41,0
DA:42,0
LF:12
LH:3
BRF:0
BRH:0
end_of_record
TN:
SF:/Users/wenxiaoxin/Desktop/WorkSystem--FrontEnd/src/store/module/newTask.js
FNF:0
FNH:0
DA:6,1
DA:17,1
DA:19,0
DA:22,0
DA:25,0
DA:28,0
DA:31,0
DA:34,0
DA:37,0
DA:40,0
LF:10
LH:2
BRF:0
BRH:0
end_of_record
